{
  "RSpec": {
    "coverage": {
      "/Users/shoniwamarovatsanga/Dropbox/Projects/Course/tech-test/bank-tech-test/spec/account_spec.rb": [
        1,
        1,
        14,
        1,
        null,
        1,
        1,
        1,
        1,
        null,
        1,
        1,
        1,
        null,
        null,
        null,
        1,
        1,
        1,
        1,
        null,
        1,
        1,
        1,
        null,
        1,
        1,
        1,
        null,
        null,
        1,
        1,
        2,
        null,
        null,
        null,
        null,
        1,
        1,
        1,
        6,
        null,
        1,
        1,
        1,
        null,
        1,
        1,
        1,
        null,
        1,
        4,
        null,
        null,
        1,
        1,
        2,
        null,
        null,
        1,
        1,
        2,
        null,
        1,
        4,
        null,
        null,
        null,
        null,
        null,
        1,
        1,
        1,
        1,
        null,
        null,
        null,
        null
      ],
      "/Users/shoniwamarovatsanga/Dropbox/Projects/Course/tech-test/bank-tech-test/lib/account.rb": [
        1,
        1,
        null,
        1,
        null,
        1,
        13,
        13,
        null,
        null,
        1,
        9,
        8,
        8,
        null,
        null,
        1,
        5,
        4,
        2,
        2,
        null,
        null,
        1,
        0,
        0,
        null,
        null,
        1,
        1,
        8,
        null,
        null,
        1,
        2,
        null,
        null,
        1,
        10,
        10,
        null,
        null,
        null
      ],
      "/Users/shoniwamarovatsanga/Dropbox/Projects/Course/tech-test/bank-tech-test/spec/statement_printer_spec.rb": [
        1,
        1,
        3,
        2,
        1,
        1,
        null,
        1,
        1,
        2,
        null,
        null,
        null
      ],
      "/Users/shoniwamarovatsanga/Dropbox/Projects/Course/tech-test/bank-tech-test/lib/statement_printer.rb": [
        1,
        null,
        1,
        5,
        1,
        5,
        null,
        null,
        null,
        1,
        null,
        null
      ],
      "/Users/shoniwamarovatsanga/Dropbox/Projects/Course/tech-test/bank-tech-test/spec/statement_spec.rb": [
        1,
        1,
        3,
        2,
        1,
        1,
        1,
        null,
        null,
        null,
        1,
        1,
        1,
        1,
        1,
        null,
        null,
        null
      ],
      "/Users/shoniwamarovatsanga/Dropbox/Projects/Course/tech-test/bank-tech-test/lib/statement.rb": [
        1,
        1,
        1,
        15,
        null,
        null,
        1,
        11,
        null,
        null,
        null,
        null
      ],
      "/Users/shoniwamarovatsanga/Dropbox/Projects/Course/tech-test/bank-tech-test/spec/transaction_spec.rb": [
        1,
        null,
        1,
        2,
        5,
        null,
        1,
        1,
        1,
        null,
        1,
        1,
        null,
        1,
        1,
        null,
        1,
        1,
        null,
        null,
        null,
        1,
        1,
        1,
        null,
        null,
        null
      ],
      "/Users/shoniwamarovatsanga/Dropbox/Projects/Course/tech-test/bank-tech-test/lib/transaction.rb": [
        1,
        1,
        1,
        15,
        15,
        15,
        15,
        null,
        null,
        1,
        11,
        null,
        null
      ]
    },
    "timestamp": 1488887923
  }
}
